<?xml version="1.0" encoding="UTF-8"?>
<!-- Generated by org.testng.reporters.JUnitXMLReporter -->
<testsuite ignored="4" hostname="Apples-MacBook-Air.local" failures="0" tests="1" name="Test" time="2.247" errors="0" timestamp="17 Jun 2019 14:25:21 GMT">
  <testcase classname="com.amazon.MyProject.amazonTest" name="@BeforeMethod beforeTest" time="2.208">
    <failure type="java.lang.NullPointerException">
      <![CDATA[java.lang.NullPointerException
at com.amazon.MyProject.amazonTest.beforeTest(amazonTest.java:30)
... Removed 28 stack frames]]>
    </failure>
  </testcase> <!-- @BeforeMethod beforeTest -->
  <testcase classname="com.amazon.MyProject.amazonTest" name="@AfterMethod afterTest" time="0.0">
    <skipped/>
  </testcase> <!-- @AfterMethod afterTest -->
  <testcase classname="com.amazon.MyProject.amazonTest" name="verifySearchedProduct" time="0.0">
    <skipped/>
  </testcase> <!-- verifySearchedProduct -->
  <testcase classname="com.amazon.MyProject.amazonTest" name="verifyAddedProductInCart" time="0.0">
    <ignored/>
  </testcase> <!-- verifyAddedProductInCart -->
  <testcase classname="com.amazon.MyProject.amazonTest" name="verifyCartTotalWithIncreaseCount" time="0.0">
    <ignored/>
  </testcase> <!-- verifyCartTotalWithIncreaseCount -->
  <testcase classname="com.amazon.MyProject.amazonTest" name="verifyAddingTwoProduct" time="0.0">
    <ignored/>
  </testcase> <!-- verifyAddingTwoProduct -->
  <testcase classname="com.amazon.MyProject.amazonTest" name="verifyRemovingProduct" time="0.0">
    <ignored/>
  </testcase> <!-- verifyRemovingProduct -->
</testsuite> <!-- Test -->
