<?xml version="1.0" encoding="UTF-8"?>
<!-- Generated by org.testng.reporters.JUnitXMLReporter -->
<testsuite ignored="4" hostname="Apples-MacBook-Air.local" failures="0" tests="1" name="Test" time="39.36" errors="0" timestamp="17 Jun 2019 15:37:07 GMT">
  <testcase classname="com.amazon.MyProject.amazonTest" name="verifyRemovingProduct" time="14.307"/>
  <testcase classname="com.amazon.MyProject.amazonTest" name="verifySearchedProduct" time="0.0">
    <ignored/>
  </testcase> <!-- verifySearchedProduct -->
  <testcase classname="com.amazon.MyProject.amazonTest" name="verifyAddedProductInCart" time="0.0">
    <ignored/>
  </testcase> <!-- verifyAddedProductInCart -->
  <testcase classname="com.amazon.MyProject.amazonTest" name="verifyCartTotalWithIncreaseCount" time="0.0">
    <ignored/>
  </testcase> <!-- verifyCartTotalWithIncreaseCount -->
  <testcase classname="com.amazon.MyProject.amazonTest" name="verifyAddingTwoProduct" time="0.0">
    <ignored/>
  </testcase> <!-- verifyAddingTwoProduct -->
</testsuite> <!-- Test -->
