<?xml version="1.0" encoding="UTF-8"?>
<!-- Generated by org.testng.reporters.JUnitXMLReporter -->
<testsuite ignored="0" hostname="Apples-MacBook-Air.local" failures="0" tests="4" name="Test" time="97.697" errors="0" timestamp="17 Jun 2019 19:29:47 GMT">
  <testcase classname="com.amazon.MyProject.amazonTest" name="verifyAddedProductInCart" time="5.725"/>
  <testcase classname="com.amazon.MyProject.amazonTest" name="verifyAddingTwoProduct" time="7.551"/>
  <testcase classname="com.amazon.MyProject.amazonTest" name="verifyRemovingProduct" time="13.682"/>
  <testcase classname="com.amazon.MyProject.amazonTest" name="verifySearchedProduct" time="2.715"/>
</testsuite> <!-- Test -->
