<?xml version="1.0" encoding="UTF-8"?>
<testng-results ignored="0" total="5" passed="5" failed="0" skipped="0">
  <reporter-output>
  </reporter-output>
  <suite started-at="2019-06-18T20:25:31Z" name="Suite" finished-at="2019-06-18T20:27:28Z" duration-ms="117268">
    <groups>
    </groups>
    <test started-at="2019-06-18T20:25:31Z" name="Test" finished-at="2019-06-18T20:27:28Z" duration-ms="117268">
      <class name="com.amazon.MyProject.amazonTest">
        <test-method is-config="true" signature="beforeTest()[pri:0, instance:com.amazon.MyProject.amazonTest@1d131e1b]" started-at="2019-06-18T20:25:31Z" name="beforeTest" finished-at="2019-06-18T20:25:48Z" duration-ms="16598" status="PASS">
          <reporter-output>
          </reporter-output>
        </test-method> <!-- beforeTest -->
        <test-method signature="verifyAddedProductInCart(java.lang.String)[pri:0, instance:com.amazon.MyProject.amazonTest@1d131e1b]" started-at="2019-06-18T20:25:48Z" name="verifyAddedProductInCart" data-provider="dataVal" finished-at="2019-06-18T20:25:54Z" duration-ms="6301" status="PASS">
          <params>
            <param index="0">
              <value>
                <![CDATA[car]]>
              </value>
            </param>
          </params>
          <reporter-output>
          </reporter-output>
        </test-method> <!-- verifyAddedProductInCart -->
        <test-method is-config="true" signature="afterTest()[pri:0, instance:com.amazon.MyProject.amazonTest@1d131e1b]" started-at="2019-06-18T20:25:55Z" name="afterTest" finished-at="2019-06-18T20:25:55Z" duration-ms="185" status="PASS">
          <reporter-output>
          </reporter-output>
        </test-method> <!-- afterTest -->
        <test-method is-config="true" signature="beforeTest()[pri:0, instance:com.amazon.MyProject.amazonTest@1d131e1b]" started-at="2019-06-18T20:25:55Z" name="beforeTest" finished-at="2019-06-18T20:26:11Z" duration-ms="16341" status="PASS">
          <reporter-output>
          </reporter-output>
        </test-method> <!-- beforeTest -->
        <test-method signature="verifyAddingTwoProduct(java.lang.String)[pri:0, instance:com.amazon.MyProject.amazonTest@1d131e1b]" started-at="2019-06-18T20:26:11Z" name="verifyAddingTwoProduct" data-provider="dataVal" finished-at="2019-06-18T20:26:19Z" duration-ms="8025" status="PASS">
          <params>
            <param index="0">
              <value>
                <![CDATA[car]]>
              </value>
            </param>
          </params>
          <reporter-output>
          </reporter-output>
        </test-method> <!-- verifyAddingTwoProduct -->
        <test-method is-config="true" signature="afterTest()[pri:0, instance:com.amazon.MyProject.amazonTest@1d131e1b]" started-at="2019-06-18T20:26:20Z" name="afterTest" finished-at="2019-06-18T20:26:20Z" duration-ms="154" status="PASS">
          <reporter-output>
          </reporter-output>
        </test-method> <!-- afterTest -->
        <test-method is-config="true" signature="beforeTest()[pri:0, instance:com.amazon.MyProject.amazonTest@1d131e1b]" started-at="2019-06-18T20:26:20Z" name="beforeTest" finished-at="2019-06-18T20:26:35Z" duration-ms="15381" status="PASS">
          <reporter-output>
          </reporter-output>
        </test-method> <!-- beforeTest -->
        <test-method signature="verifyRemovingProduct(java.lang.String)[pri:0, instance:com.amazon.MyProject.amazonTest@1d131e1b]" started-at="2019-06-18T20:26:35Z" name="verifyRemovingProduct" data-provider="dataVal" finished-at="2019-06-18T20:26:44Z" duration-ms="9087" status="PASS">
          <params>
            <param index="0">
              <value>
                <![CDATA[car]]>
              </value>
            </param>
          </params>
          <reporter-output>
          </reporter-output>
        </test-method> <!-- verifyRemovingProduct -->
        <test-method is-config="true" signature="afterTest()[pri:0, instance:com.amazon.MyProject.amazonTest@1d131e1b]" started-at="2019-06-18T20:26:45Z" name="afterTest" finished-at="2019-06-18T20:26:45Z" duration-ms="196" status="PASS">
          <reporter-output>
          </reporter-output>
        </test-method> <!-- afterTest -->
        <test-method is-config="true" signature="beforeTest()[pri:0, instance:com.amazon.MyProject.amazonTest@1d131e1b]" started-at="2019-06-18T20:26:45Z" name="beforeTest" finished-at="2019-06-18T20:27:00Z" duration-ms="15431" status="PASS">
          <reporter-output>
          </reporter-output>
        </test-method> <!-- beforeTest -->
        <test-method signature="verifySearchedProduct(java.lang.String)[pri:0, instance:com.amazon.MyProject.amazonTest@1d131e1b]" started-at="2019-06-18T20:27:00Z" name="verifySearchedProduct" data-provider="dataVal" finished-at="2019-06-18T20:27:03Z" duration-ms="2442" status="PASS">
          <params>
            <param index="0">
              <value>
                <![CDATA[car]]>
              </value>
            </param>
          </params>
          <reporter-output>
          </reporter-output>
        </test-method> <!-- verifySearchedProduct -->
        <test-method is-config="true" signature="afterTest()[pri:0, instance:com.amazon.MyProject.amazonTest@1d131e1b]" started-at="2019-06-18T20:27:03Z" name="afterTest" finished-at="2019-06-18T20:27:04Z" duration-ms="137" status="PASS">
          <reporter-output>
          </reporter-output>
        </test-method> <!-- afterTest -->
        <test-method is-config="true" signature="beforeTest()[pri:0, instance:com.amazon.MyProject.amazonTest@1d131e1b]" started-at="2019-06-18T20:27:04Z" name="beforeTest" finished-at="2019-06-18T20:27:19Z" duration-ms="15690" status="PASS">
          <reporter-output>
          </reporter-output>
        </test-method> <!-- beforeTest -->
        <test-method signature="verifyUpdateInTotalPrice(java.lang.String)[pri:0, instance:com.amazon.MyProject.amazonTest@1d131e1b]" started-at="2019-06-18T20:27:19Z" name="verifyUpdateInTotalPrice" data-provider="dataVal" finished-at="2019-06-18T20:27:28Z" duration-ms="8372" status="PASS">
          <params>
            <param index="0">
              <value>
                <![CDATA[car]]>
              </value>
            </param>
          </params>
          <reporter-output>
          </reporter-output>
        </test-method> <!-- verifyUpdateInTotalPrice -->
        <test-method is-config="true" signature="afterTest()[pri:0, instance:com.amazon.MyProject.amazonTest@1d131e1b]" started-at="2019-06-18T20:27:28Z" name="afterTest" finished-at="2019-06-18T20:27:28Z" duration-ms="159" status="PASS">
          <reporter-output>
          </reporter-output>
        </test-method> <!-- afterTest -->
      </class> <!-- com.amazon.MyProject.amazonTest -->
    </test> <!-- Test -->
  </suite> <!-- Suite -->
</testng-results>
