-------------------------------------------------------------------------------
Test set: TestSuite
-------------------------------------------------------------------------------
Tests run: 5, Failures: 1, Errors: 0, Skipped: 0, Time elapsed: 131.983 s <<< FAILURE! - in TestSuite
verifyRemovingProduct(com.amazon.MyProject.amazonTest)  Time elapsed: 9.509 s  <<< FAILURE!
junit.framework.AssertionFailedError: product not deleted  expected:<1> but was:<2>
	at com.amazon.MyProject.amazonTest.verifyRemovingProduct(amazonTest.java:142)

