<?xml version="1.0" encoding="UTF-8"?>
<testsuite xmlns:xsi="http://www.w3.org/2001/XMLSchema-instance" xsi:noNamespaceSchemaLocation="https://maven.apache.org/surefire/maven-surefire-plugin/xsd/surefire-test-report.xsd" name="TestSuite" time="105.769" tests="4" errors="0" skipped="0" failures="0">
  <properties>
[...]
</properties>
  <testcase name="verifyAddedProductInCart" classname="com.amazon.MyProject.amazonTest" time="6.151"/>
  <testcase name="verifyAddingTwoProduct" classname="com.amazon.MyProject.amazonTest" time="7.559"/>
  <testcase name="verifyRemovingProduct" classname="com.amazon.MyProject.amazonTest" time="12.564"/>
  <testcase name="verifySearchedProduct" classname="com.amazon.MyProject.amazonTest" time="2.46"/>
</testsuite>