<?xml version="1.0" encoding="UTF-8"?>
<testng-results ignored="0" total="4" passed="4" failed="0" skipped="0">
  <reporter-output>
  </reporter-output>
  <suite started-at="2019-06-18T17:39:41Z" name="Suite" finished-at="2019-06-18T17:41:16Z" duration-ms="94448">
    <groups>
    </groups>
    <test started-at="2019-06-18T17:39:41Z" name="Test" finished-at="2019-06-18T17:41:16Z" duration-ms="94448">
      <class name="com.amazon.MyProject.amazonTest">
        <test-method is-config="true" signature="beforeTest()[pri:0, instance:com.amazon.MyProject.amazonTest@3e821657]" started-at="2019-06-18T17:39:41Z" name="beforeTest" finished-at="2019-06-18T17:39:58Z" duration-ms="17064" status="PASS">
          <reporter-output>
          </reporter-output>
        </test-method> <!-- beforeTest -->
        <test-method signature="verifyAddedProductInCart(java.lang.String)[pri:0, instance:com.amazon.MyProject.amazonTest@3e821657]" started-at="2019-06-18T17:39:58Z" name="verifyAddedProductInCart" data-provider="dataVal" finished-at="2019-06-18T17:40:05Z" duration-ms="6149" status="PASS">
          <params>
            <param index="0">
              <value>
                <![CDATA[car]]>
              </value>
            </param>
          </params>
          <reporter-output>
          </reporter-output>
        </test-method> <!-- verifyAddedProductInCart -->
        <test-method is-config="true" signature="afterTest()[pri:0, instance:com.amazon.MyProject.amazonTest@3e821657]" started-at="2019-06-18T17:40:05Z" name="afterTest" finished-at="2019-06-18T17:40:05Z" duration-ms="147" status="PASS">
          <reporter-output>
          </reporter-output>
        </test-method> <!-- afterTest -->
        <test-method is-config="true" signature="beforeTest()[pri:0, instance:com.amazon.MyProject.amazonTest@3e821657]" started-at="2019-06-18T17:40:05Z" name="beforeTest" finished-at="2019-06-18T17:40:21Z" duration-ms="15493" status="PASS">
          <reporter-output>
          </reporter-output>
        </test-method> <!-- beforeTest -->
        <test-method signature="verifyAddingTwoProduct(java.lang.String)[pri:0, instance:com.amazon.MyProject.amazonTest@3e821657]" started-at="2019-06-18T17:40:21Z" name="verifyAddingTwoProduct" data-provider="dataVal" finished-at="2019-06-18T17:40:28Z" duration-ms="7560" status="PASS">
          <params>
            <param index="0">
              <value>
                <![CDATA[car]]>
              </value>
            </param>
          </params>
          <reporter-output>
          </reporter-output>
        </test-method> <!-- verifyAddingTwoProduct -->
        <test-method is-config="true" signature="afterTest()[pri:0, instance:com.amazon.MyProject.amazonTest@3e821657]" started-at="2019-06-18T17:40:29Z" name="afterTest" finished-at="2019-06-18T17:40:29Z" duration-ms="147" status="PASS">
          <reporter-output>
          </reporter-output>
        </test-method> <!-- afterTest -->
        <test-method is-config="true" signature="beforeTest()[pri:0, instance:com.amazon.MyProject.amazonTest@3e821657]" started-at="2019-06-18T17:40:29Z" name="beforeTest" finished-at="2019-06-18T17:40:44Z" duration-ms="15135" status="PASS">
          <reporter-output>
          </reporter-output>
        </test-method> <!-- beforeTest -->
        <test-method signature="verifyRemovingProduct(java.lang.String)[pri:0, instance:com.amazon.MyProject.amazonTest@3e821657]" started-at="2019-06-18T17:40:44Z" name="verifyRemovingProduct" data-provider="dataVal" finished-at="2019-06-18T17:40:57Z" duration-ms="12564" status="PASS">
          <params>
            <param index="0">
              <value>
                <![CDATA[car]]>
              </value>
            </param>
          </params>
          <reporter-output>
          </reporter-output>
        </test-method> <!-- verifyRemovingProduct -->
        <test-method is-config="true" signature="afterTest()[pri:0, instance:com.amazon.MyProject.amazonTest@3e821657]" started-at="2019-06-18T17:40:57Z" name="afterTest" finished-at="2019-06-18T17:40:57Z" duration-ms="123" status="PASS">
          <reporter-output>
          </reporter-output>
        </test-method> <!-- afterTest -->
        <test-method is-config="true" signature="beforeTest()[pri:0, instance:com.amazon.MyProject.amazonTest@3e821657]" started-at="2019-06-18T17:40:57Z" name="beforeTest" finished-at="2019-06-18T17:41:12Z" duration-ms="15149" status="PASS">
          <reporter-output>
          </reporter-output>
        </test-method> <!-- beforeTest -->
        <test-method signature="verifySearchedProduct(java.lang.String)[pri:0, instance:com.amazon.MyProject.amazonTest@3e821657]" started-at="2019-06-18T17:41:12Z" name="verifySearchedProduct" data-provider="dataVal" finished-at="2019-06-18T17:41:15Z" duration-ms="2460" status="PASS">
          <params>
            <param index="0">
              <value>
                <![CDATA[car]]>
              </value>
            </param>
          </params>
          <reporter-output>
          </reporter-output>
        </test-method> <!-- verifySearchedProduct -->
        <test-method is-config="true" signature="afterTest()[pri:0, instance:com.amazon.MyProject.amazonTest@3e821657]" started-at="2019-06-18T17:41:16Z" name="afterTest" finished-at="2019-06-18T17:41:16Z" duration-ms="170" status="PASS">
          <reporter-output>
          </reporter-output>
        </test-method> <!-- afterTest -->
      </class> <!-- com.amazon.MyProject.amazonTest -->
    </test> <!-- Test -->
  </suite> <!-- Suite -->
</testng-results>
